Using pre-set license
Built from '2020.3/staging' branch; Version is '2020.3.3f1 (76626098c1c4) revision 7758432'; Using compiler version '192528614'; Build Type 'Release'
OS: 'Windows 10 Pro; OS build 19041.1288; Version 2004; 64bit' Language: 'fr' Physical Memory: 32643 MB
BatchMode: 1, IsHumanControllingUs: 0, StartBugReporterOnCrash: 0, Is64bit: 1, IsPro: 0

 COMMAND LINE ARGUMENTS:
C:\Program Files\Unity\Hub\Editor\2020.3.3f1\Editor\Unity.exe
-adb2
-batchMode
-noUpm
-name
AssetImportWorker0
-projectPath
E:/420-204-LA PROGRAMMATION RV 2 - C# & UNITY/TP01_Roll-a-Ball/Roll-a-Ball_CAlexaner_TP01
-logFile
Logs/AssetImportWorker0.log
-srvPort
58727
Successfully changed project path to: E:/420-204-LA PROGRAMMATION RV 2 - C# & UNITY/TP01_Roll-a-Ball/Roll-a-Ball_CAlexaner_TP01
E:/420-204-LA PROGRAMMATION RV 2 - C# & UNITY/TP01_Roll-a-Ball/Roll-a-Ball_CAlexaner_TP01
Using Asset Import Pipeline V2.
Refreshing native plugins compatible for Editor in 18.21 ms, found 0 plugins.
Preloading 0 native plugins for Editor in 0.00 ms.
Initialize engine version: 2020.3.3f1 (76626098c1c4)
[Subsystems] Discovering subsystems at path C:/Program Files/Unity/Hub/Editor/2020.3.3f1/Editor/Data/Resources/UnitySubsystems
[Subsystems] Discovering subsystems at path E:/420-204-LA PROGRAMMATION RV 2 - C# & UNITY/TP01_Roll-a-Ball/Roll-a-Ball_CAlexaner_TP01/Assets
GfxDevice: creating device client; threaded=0
Direct3D:
    Version:  Direct3D 11.0 [level 11.1]
    Renderer: NVIDIA GeForce RTX 3070 (ID=0x2484)
    Vendor:   
    VRAM:     8043 MB
    Driver:   30.0.14.7111
Initialize mono
Mono path[0] = 'C:/Program Files/Unity/Hub/Editor/2020.3.3f1/Editor/Data/Managed'
Mono path[1] = 'C:/Program Files/Unity/Hub/Editor/2020.3.3f1/Editor/Data/MonoBleedingEdge/lib/mono/unityjit'
Mono config path = 'C:/Program Files/Unity/Hub/Editor/2020.3.3f1/Editor/Data/MonoBleedingEdge/etc'
Using monoOptions --debugger-agent=transport=dt_socket,embedding=1,server=y,suspend=n,address=127.0.0.1:56208
Begin MonoManager ReloadAssembly
Registering precompiled unity dll's ...
Register platform support module: C:/Program Files/Unity/Hub/Editor/2020.3.3f1/Editor/Data/PlaybackEngines/WindowsStandaloneSupport/UnityEditor.WindowsStandalone.Extensions.dll
Registered in 0.001272 seconds.
Native extension for WindowsStandalone target not found
Refreshing native plugins compatible for Editor in 18.64 ms, found 0 plugins.
Preloading 0 native plugins for Editor in 0.00 ms.
Invoked RoslynAnalysisRunner static constructor.
RoslynAnalysisRunner will not be running.
RoslynAnalysisRunner has terminated.
Mono: successfully reloaded assembly
- Completed reload, in  1.332 seconds
Platform modules already initialized, skipping
Registering precompiled user dll's ...
Registered in 0.000369 seconds.
Begin MonoManager ReloadAssembly
Native extension for WindowsStandalone target not found
Refreshing native plugins compatible for Editor in 0.17 ms, found 0 plugins.
Preloading 0 native plugins for Editor in 0.00 ms.
Invoked RoslynAnalysisRunner static constructor.
RoslynAnalysisRunner will not be running.
RoslynAnalysisRunner has terminated.
Mono: successfully reloaded assembly
- Completed reload, in  0.622 seconds
Platform modules already initialized, skipping
========================================================================
Worker process is ready to serve import requests
Launched and connected shader compiler UnityShaderCompiler.exe after 0.05 seconds
Refreshing native plugins compatible for Editor in 0.20 ms, found 0 plugins.
Preloading 0 native plugins for Editor in 0.00 ms.
Unloading 1115 Unused Serialized files (Serialized files now loaded: 0)
System memory in use before: 57.5 MB.
System memory in use after: 57.5 MB.

Unloading 10 unused Assets to reduce memory usage. Loaded Objects now: 1557.
Total: 1.445200 ms (FindLiveObjects: 0.109600 ms CreateObjectMapping: 0.029400 ms MarkObjects: 1.223200 ms  DeleteObjects: 0.082300 ms)

========================================================================
Received Import Request.
  path: Assets/Scenes
  artifactKey: Guid(768e14424d7d1f54e994ffe5a9c2e120) Importer(815301076,1909f56bfc062723c751e8b465ee728b)
Start importing Assets/Scenes using Guid(768e14424d7d1f54e994ffe5a9c2e120) Importer(815301076,1909f56bfc062723c751e8b465ee728b)  -> (artifact id: '1fb5bcc389f1f05133b58cbb610b8d69') in 0.014900 seconds
  Import took 0.016300 seconds .

